<?xml version="1.0" encoding="UTF-8"?>
<testsuite name="mastermind.TestMastermindRepeatedLetters" tests="26" skipped="0" failures="0" errors="0" timestamp="2021-12-26T13:37:50" hostname="LT-BFONTY" time="0.056">
  <properties/>
  <testcase name="test01Sample" classname="mastermind.TestMastermindRepeatedLetters" time="0.029"/>
  <testcase name="test02Sample" classname="mastermind.TestMastermindRepeatedLetters" time="0.002"/>
  <testcase name="test03Sample" classname="mastermind.TestMastermindRepeatedLetters" time="0.001"/>
  <testcase name="test04Sample" classname="mastermind.TestMastermindRepeatedLetters" time="0.001"/>
  <testcase name="test05" classname="mastermind.TestMastermindRepeatedLetters" time="0.001"/>
  <testcase name="test06" classname="mastermind.TestMastermindRepeatedLetters" time="0.001"/>
  <testcase name="test07" classname="mastermind.TestMastermindRepeatedLetters" time="0.001"/>
  <testcase name="test08" classname="mastermind.TestMastermindRepeatedLetters" time="0.002"/>
  <testcase name="test09" classname="mastermind.TestMastermindRepeatedLetters" time="0.001"/>
  <testcase name="test10" classname="mastermind.TestMastermindRepeatedLetters" time="0.001"/>
  <testcase name="test11" classname="mastermind.TestMastermindRepeatedLetters" time="0.001"/>
  <testcase name="test12" classname="mastermind.TestMastermindRepeatedLetters" time="0.001"/>
  <testcase name="test13" classname="mastermind.TestMastermindRepeatedLetters" time="0.001"/>
  <testcase name="test14" classname="mastermind.TestMastermindRepeatedLetters" time="0.001"/>
  <testcase name="test15" classname="mastermind.TestMastermindRepeatedLetters" time="0.001"/>
  <testcase name="test16" classname="mastermind.TestMastermindRepeatedLetters" time="0.002"/>
  <testcase name="test17" classname="mastermind.TestMastermindRepeatedLetters" time="0.001"/>
  <testcase name="test18" classname="mastermind.TestMastermindRepeatedLetters" time="0.001"/>
  <testcase name="test19" classname="mastermind.TestMastermindRepeatedLetters" time="0.0"/>
  <testcase name="test20" classname="mastermind.TestMastermindRepeatedLetters" time="0.0"/>
  <testcase name="test21" classname="mastermind.TestMastermindRepeatedLetters" time="0.001"/>
  <testcase name="test22" classname="mastermind.TestMastermindRepeatedLetters" time="0.001"/>
  <testcase name="test23" classname="mastermind.TestMastermindRepeatedLetters" time="0.001"/>
  <testcase name="test24" classname="mastermind.TestMastermindRepeatedLetters" time="0.0"/>
  <testcase name="test25" classname="mastermind.TestMastermindRepeatedLetters" time="0.001"/>
  <testcase name="test26" classname="mastermind.TestMastermindRepeatedLetters" time="0.001"/>
  <system-out><![CDATA[iteration 0 rights 1 guess ADFE working string _ABC
iteration 1 rights 1 guess ADFE working string _ABC
iteration 2 rights 1 guess ADFE working string _ABC
iteration 3 rights 1 guess ADFE working string _ABC
iteration 0  wrongs 0 guess DFE working string _ABC
iteration 1  wrongs 0 guess DFE working string _ABC
iteration 2  wrongs 0 guess DFE working string _ABC
iteration 0 rights 1 guess ADFE working string _ABC
iteration 1 rights 1 guess ADFE working string _ABC
iteration 2 rights 1 guess ADFE working string _ABC
iteration 3 rights 1 guess ADFE working string _ABC
iteration 0  wrongs 0 guess DFE working string _ABC
iteration 1  wrongs 0 guess DFE working string _ABC
iteration 2  wrongs 0 guess DFE working string _ABC
iteration 0 rights 1 guess ADFA working string _ABC
iteration 1 rights 1 guess ADFA working string _ABC
iteration 2 rights 1 guess ADFA working string _ABC
iteration 3 rights 1 guess ADFA working string _ABC
iteration 0  wrongs 0 guess DFA working string _ABC
iteration 1  wrongs 0 guess DFA working string _ABC
iteration 2  wrongs 1 guess DFA working string __BC
iteration 0 rights 1 guess ADFA working string _ABC
iteration 1 rights 1 guess ADFA working string _ABC
iteration 2 rights 1 guess ADFA working string _ABC
iteration 3 rights 1 guess ADFA working string _ABC
iteration 0  wrongs 0 guess DFA working string _ABC
iteration 1  wrongs 0 guess DFA working string _ABC
iteration 2  wrongs 1 guess DFA working string __BC
iteration 0 rights 0 guess DFAA working string AABC
iteration 1 rights 0 guess DFAA working string AABC
iteration 2 rights 0 guess DFAA working string AABC
iteration 3 rights 0 guess DFAA working string AABC
iteration 0  wrongs 0 guess DFAA working string AABC
iteration 1  wrongs 0 guess DFAA working string AABC
iteration 2  wrongs 1 guess DFAA working string _ABC
iteration 3  wrongs 2 guess DFAA working string __BC
iteration 0 rights 0 guess DFAA working string AABC
iteration 1 rights 0 guess DFAA working string AABC
iteration 2 rights 0 guess DFAA working string AABC
iteration 3 rights 0 guess DFAA working string AABC
iteration 0  wrongs 0 guess DFAA working string AABC
iteration 1  wrongs 0 guess DFAA working string AABC
iteration 2  wrongs 1 guess DFAA working string _ABC
iteration 3  wrongs 2 guess DFAA working string __BC
iteration 0 rights 0 guess DEFA working string AABC
iteration 1 rights 0 guess DEFA working string AABC
iteration 2 rights 0 guess DEFA working string AABC
iteration 3 rights 0 guess DEFA working string AABC
iteration 0  wrongs 0 guess DEFA working string AABC
iteration 1  wrongs 0 guess DEFA working string AABC
iteration 2  wrongs 0 guess DEFA working string AABC
iteration 3  wrongs 1 guess DEFA working string _ABC
iteration 0 rights 0 guess DEFA working string AABC
iteration 1 rights 0 guess DEFA working string AABC
iteration 2 rights 0 guess DEFA working string AABC
iteration 3 rights 0 guess DEFA working string AABC
iteration 0  wrongs 0 guess DEFA working string AABC
iteration 1  wrongs 0 guess DEFA working string AABC
iteration 2  wrongs 0 guess DEFA working string AABC
iteration 3  wrongs 1 guess DEFA working string _ABC
iteration 0 rights 0 guess EAAA working string ABCD
iteration 1 rights 0 guess EAAA working string ABCD
iteration 2 rights 0 guess EAAA working string ABCD
iteration 3 rights 0 guess EAAA working string ABCD
iteration 0  wrongs 0 guess EAAA working string ABCD
iteration 1  wrongs 1 guess EAAA working string _BCD
iteration 2  wrongs 1 guess EAAA working string _BCD
iteration 3  wrongs 1 guess EAAA working string _BCD
iteration 0 rights 0 guess EAAA working string ABCD
iteration 1 rights 0 guess EAAA working string ABCD
iteration 2 rights 0 guess EAAA working string ABCD
iteration 3 rights 0 guess EAAA working string ABCD
iteration 0  wrongs 0 guess EAAA working string ABCD
iteration 1  wrongs 1 guess EAAA working string _BCD
iteration 2  wrongs 1 guess EAAA working string _BCD
iteration 3  wrongs 1 guess EAAA working string _BCD
iteration 0 rights 1 guess ADFA working string _ABC
iteration 1 rights 1 guess ADFA working string _ABC
iteration 2 rights 1 guess ADFA working string _ABC
iteration 3 rights 1 guess ADFA working string _ABC
iteration 0  wrongs 0 guess DFA working string _ABC
iteration 1  wrongs 0 guess DFA working string _ABC
iteration 2  wrongs 1 guess DFA working string __BC
iteration 0 rights 1 guess ADFA working string _ABC
iteration 1 rights 1 guess ADFA working string _ABC
iteration 2 rights 1 guess ADFA working string _ABC
iteration 3 rights 1 guess ADFA working string _ABC
iteration 0  wrongs 0 guess DFA working string _ABC
iteration 1  wrongs 0 guess DFA working string _ABC
iteration 2  wrongs 1 guess DFA working string __BC
iteration 0 rights 0 guess DEFA working string AABC
iteration 1 rights 0 guess DEFA working string AABC
iteration 2 rights 0 guess DEFA working string AABC
iteration 3 rights 0 guess DEFA working string AABC
iteration 0  wrongs 0 guess DEFA working string AABC
iteration 1  wrongs 0 guess DEFA working string AABC
iteration 2  wrongs 0 guess DEFA working string AABC
iteration 3  wrongs 1 guess DEFA working string _ABC
iteration 0 rights 0 guess DEFA working string AABC
iteration 1 rights 0 guess DEFA working string AABC
iteration 2 rights 0 guess DEFA working string AABC
iteration 3 rights 0 guess DEFA working string AABC
iteration 0  wrongs 0 guess DEFA working string AABC
iteration 1  wrongs 0 guess DEFA working string AABC
iteration 2  wrongs 0 guess DEFA working string AABC
iteration 3  wrongs 1 guess DEFA working string _ABC
iteration 0 rights 0 guess CBFE working string EDEB
iteration 1 rights 0 guess CBFE working string EDEB
iteration 2 rights 0 guess CBFE working string EDEB
iteration 3 rights 0 guess CBFE working string EDEB
iteration 0  wrongs 0 guess CBFE working string EDEB
iteration 1  wrongs 1 guess CBFE working string EDE_
iteration 2  wrongs 1 guess CBFE working string EDE_
iteration 3  wrongs 2 guess CBFE working string _DE_
iteration 0 rights 0 guess CBFE working string EDEB
iteration 1 rights 0 guess CBFE working string EDEB
iteration 2 rights 0 guess CBFE working string EDEB
iteration 3 rights 0 guess CBFE working string EDEB
iteration 0  wrongs 0 guess CBFE working string EDEB
iteration 1  wrongs 1 guess CBFE working string EDE_
iteration 2  wrongs 1 guess CBFE working string EDE_
iteration 3  wrongs 2 guess CBFE working string _DE_
iteration 0 rights 0 guess FCCD working string CFDF
iteration 1 rights 0 guess FCCD working string CFDF
iteration 2 rights 0 guess FCCD working string CFDF
iteration 3 rights 0 guess FCCD working string CFDF
iteration 0  wrongs 1 guess FCCD working string C_DF
iteration 1  wrongs 2 guess FCCD working string __DF
iteration 2  wrongs 2 guess FCCD working string __DF
iteration 3  wrongs 3 guess FCCD working string ___F
iteration 0 rights 0 guess FCCD working string CFDF
iteration 1 rights 0 guess FCCD working string CFDF
iteration 2 rights 0 guess FCCD working string CFDF
iteration 3 rights 0 guess FCCD working string CFDF
iteration 0  wrongs 1 guess FCCD working string C_DF
iteration 1  wrongs 2 guess FCCD working string __DF
iteration 2  wrongs 2 guess FCCD working string __DF
iteration 3  wrongs 3 guess FCCD working string ___F
iteration 0 rights 1 guess AEFD working string _ABC
iteration 1 rights 1 guess AEFD working string _ABC
iteration 2 rights 1 guess AEFD working string _ABC
iteration 3 rights 1 guess AEFD working string _ABC
iteration 0  wrongs 0 guess EFD working string _ABC
iteration 1  wrongs 0 guess EFD working string _ABC
iteration 2  wrongs 0 guess EFD working string _ABC
iteration 0 rights 1 guess AEFD working string _ABC
iteration 1 rights 1 guess AEFD working string _ABC
iteration 2 rights 1 guess AEFD working string _ABC
iteration 3 rights 1 guess AEFD working string _ABC
iteration 0  wrongs 0 guess EFD working string _ABC
iteration 1  wrongs 0 guess EFD working string _ABC
iteration 2  wrongs 0 guess EFD working string _ABC
iteration 0 rights 0 guess ABEC working string DCFC
iteration 1 rights 0 guess ABEC working string DCFC
iteration 2 rights 0 guess ABEC working string DCFC
iteration 3 rights 1 guess ABEC working string DCF_
iteration 0  wrongs 0 guess ABE working string DCF_
iteration 1  wrongs 0 guess ABE working string DCF_
iteration 2  wrongs 0 guess ABE working string DCF_
iteration 0 rights 0 guess ABEC working string DCFC
iteration 1 rights 0 guess ABEC working string DCFC
iteration 2 rights 0 guess ABEC working string DCFC
iteration 3 rights 1 guess ABEC working string DCF_
iteration 0  wrongs 0 guess ABE working string DCF_
iteration 1  wrongs 0 guess ABE working string DCF_
iteration 2  wrongs 0 guess ABE working string DCF_
iteration 0 rights 1 guess FBAD working string _DCD
iteration 1 rights 1 guess FBAD working string _DCD
iteration 2 rights 1 guess FBAD working string _DCD
iteration 3 rights 2 guess FBAD working string _DC_
iteration 0  wrongs 0 guess BA working string _DC_
iteration 1  wrongs 0 guess BA working string _DC_
iteration 0 rights 1 guess FBAD working string _DCD
iteration 1 rights 1 guess FBAD working string _DCD
iteration 2 rights 1 guess FBAD working string _DCD
iteration 3 rights 2 guess FBAD working string _DC_
iteration 0  wrongs 0 guess BA working string _DC_
iteration 1  wrongs 0 guess BA working string _DC_
iteration 0 rights 0 guess AABC working string DEFA
iteration 1 rights 0 guess AABC working string DEFA
iteration 2 rights 0 guess AABC working string DEFA
iteration 3 rights 0 guess AABC working string DEFA
iteration 0  wrongs 1 guess AABC working string DEF_
iteration 1  wrongs 1 guess AABC working string DEF_
iteration 2  wrongs 1 guess AABC working string DEF_
iteration 3  wrongs 1 guess AABC working string DEF_
iteration 0 rights 0 guess AABC working string DEFA
iteration 1 rights 0 guess AABC working string DEFA
iteration 2 rights 0 guess AABC working string DEFA
iteration 3 rights 0 guess AABC working string DEFA
iteration 0  wrongs 1 guess AABC working string DEF_
iteration 1  wrongs 1 guess AABC working string DEF_
iteration 2  wrongs 1 guess AABC working string DEF_
iteration 3  wrongs 1 guess AABC working string DEF_
iteration 0 rights 0 guess AABC working string DAAE
iteration 1 rights 1 guess AABC working string D_AE
iteration 2 rights 1 guess AABC working string D_AE
iteration 3 rights 1 guess AABC working string D_AE
iteration 0  wrongs 1 guess ABC working string D__E
iteration 1  wrongs 1 guess ABC working string D__E
iteration 2  wrongs 1 guess ABC working string D__E
iteration 0 rights 0 guess AABC working string DAAE
iteration 1 rights 1 guess AABC working string D_AE
iteration 2 rights 1 guess AABC working string D_AE
iteration 3 rights 1 guess AABC working string D_AE
iteration 0  wrongs 1 guess ABC working string D__E
iteration 1  wrongs 1 guess ABC working string D__E
iteration 2  wrongs 1 guess ABC working string D__E
iteration 0 rights 0 guess DFBB working string BBDC
iteration 1 rights 0 guess DFBB working string BBDC
iteration 2 rights 0 guess DFBB working string BBDC
iteration 3 rights 0 guess DFBB working string BBDC
iteration 0  wrongs 1 guess DFBB working string BB_C
iteration 1  wrongs 1 guess DFBB working string BB_C
iteration 2  wrongs 2 guess DFBB working string _B_C
iteration 3  wrongs 3 guess DFBB working string ___C
iteration 0 rights 0 guess DFBB working string BBDC
iteration 1 rights 0 guess DFBB working string BBDC
iteration 2 rights 0 guess DFBB working string BBDC
iteration 3 rights 0 guess DFBB working string BBDC
iteration 0  wrongs 1 guess DFBB working string BB_C
iteration 1  wrongs 1 guess DFBB working string BB_C
iteration 2  wrongs 2 guess DFBB working string _B_C
iteration 3  wrongs 3 guess DFBB working string ___C
iteration 0 rights 0 guess FFDD working string DBFF
iteration 1 rights 0 guess FFDD working string DBFF
iteration 2 rights 0 guess FFDD working string DBFF
iteration 3 rights 0 guess FFDD working string DBFF
iteration 0  wrongs 1 guess FFDD working string DB_F
iteration 1  wrongs 2 guess FFDD working string DB__
iteration 2  wrongs 3 guess FFDD working string _B__
iteration 3  wrongs 3 guess FFDD working string _B__
iteration 0 rights 0 guess FFDD working string DBFF
iteration 1 rights 0 guess FFDD working string DBFF
iteration 2 rights 0 guess FFDD working string DBFF
iteration 3 rights 0 guess FFDD working string DBFF
iteration 0  wrongs 1 guess FFDD working string DB_F
iteration 1  wrongs 2 guess FFDD working string DB__
iteration 2  wrongs 3 guess FFDD working string _B__
iteration 3  wrongs 3 guess FFDD working string _B__
iteration 0 rights 0 guess AAAE working string BDAD
iteration 1 rights 0 guess AAAE working string BDAD
iteration 2 rights 1 guess AAAE working string BD_D
iteration 3 rights 1 guess AAAE working string BD_D
iteration 0  wrongs 0 guess AAE working string BD_D
iteration 1  wrongs 0 guess AAE working string BD_D
iteration 2  wrongs 0 guess AAE working string BD_D
iteration 0 rights 0 guess AAAE working string BDAD
iteration 1 rights 0 guess AAAE working string BDAD
iteration 2 rights 1 guess AAAE working string BD_D
iteration 3 rights 1 guess AAAE working string BD_D
iteration 0  wrongs 0 guess AAE working string BD_D
iteration 1  wrongs 0 guess AAE working string BD_D
iteration 2  wrongs 0 guess AAE working string BD_D
iteration 0 rights 0 guess CABB working string FDDB
iteration 1 rights 0 guess CABB working string FDDB
iteration 2 rights 0 guess CABB working string FDDB
iteration 3 rights 1 guess CABB working string FDD_
iteration 0  wrongs 0 guess CAB working string FDD_
iteration 1  wrongs 0 guess CAB working string FDD_
iteration 2  wrongs 0 guess CAB working string FDD_
iteration 0 rights 0 guess CABB working string FDDB
iteration 1 rights 0 guess CABB working string FDDB
iteration 2 rights 0 guess CABB working string FDDB
iteration 3 rights 1 guess CABB working string FDD_
iteration 0  wrongs 0 guess CAB working string FDD_
iteration 1  wrongs 0 guess CAB working string FDD_
iteration 2  wrongs 0 guess CAB working string FDD_
iteration 0 rights 0 guess DDFC working string BDBC
iteration 1 rights 1 guess DDFC working string B_BC
iteration 2 rights 1 guess DDFC working string B_BC
iteration 3 rights 2 guess DDFC working string B_B_
iteration 0  wrongs 0 guess DF working string B_B_
iteration 1  wrongs 0 guess DF working string B_B_
iteration 0 rights 0 guess DDFC working string BDBC
iteration 1 rights 1 guess DDFC working string B_BC
iteration 2 rights 1 guess DDFC working string B_BC
iteration 3 rights 2 guess DDFC working string B_B_
iteration 0  wrongs 0 guess DF working string B_B_
iteration 1  wrongs 0 guess DF working string B_B_
iteration 0 rights 0 guess CEEE working string ECDE
iteration 1 rights 0 guess CEEE working string ECDE
iteration 2 rights 0 guess CEEE working string ECDE
iteration 3 rights 1 guess CEEE working string ECD_
iteration 0  wrongs 1 guess CEE working string E_D_
iteration 1  wrongs 2 guess CEE working string __D_
iteration 2  wrongs 2 guess CEE working string __D_
iteration 0 rights 0 guess CEEE working string ECDE
iteration 1 rights 0 guess CEEE working string ECDE
iteration 2 rights 0 guess CEEE working string ECDE
iteration 3 rights 1 guess CEEE working string ECD_
iteration 0  wrongs 1 guess CEE working string E_D_
iteration 1  wrongs 2 guess CEE working string __D_
iteration 2  wrongs 2 guess CEE working string __D_
iteration 0 rights 1 guess ABCA working string _AAF
iteration 1 rights 1 guess ABCA working string _AAF
iteration 2 rights 1 guess ABCA working string _AAF
iteration 3 rights 1 guess ABCA working string _AAF
iteration 0  wrongs 0 guess BCA working string _AAF
iteration 1  wrongs 0 guess BCA working string _AAF
iteration 2  wrongs 1 guess BCA working string __AF
iteration 0 rights 1 guess ABCA working string _AAF
iteration 1 rights 1 guess ABCA working string _AAF
iteration 2 rights 1 guess ABCA working string _AAF
iteration 3 rights 1 guess ABCA working string _AAF
iteration 0  wrongs 0 guess BCA working string _AAF
iteration 1  wrongs 0 guess BCA working string _AAF
iteration 2  wrongs 1 guess BCA working string __AF
iteration 0 rights 0 guess AFEA working string BCDA
iteration 1 rights 0 guess AFEA working string BCDA
iteration 2 rights 0 guess AFEA working string BCDA
iteration 3 rights 1 guess AFEA working string BCD_
iteration 0  wrongs 0 guess AFE working string BCD_
iteration 1  wrongs 0 guess AFE working string BCD_
iteration 2  wrongs 0 guess AFE working string BCD_
iteration 0 rights 0 guess AFEA working string BCDA
iteration 1 rights 0 guess AFEA working string BCDA
iteration 2 rights 0 guess AFEA working string BCDA
iteration 3 rights 1 guess AFEA working string BCD_
iteration 0  wrongs 0 guess AFE working string BCD_
iteration 1  wrongs 0 guess AFE working string BCD_
iteration 2  wrongs 0 guess AFE working string BCD_
iteration 0 rights 0 guess AFEA working string EEEE
iteration 1 rights 0 guess AFEA working string EEEE
iteration 2 rights 1 guess AFEA working string EE_E
iteration 3 rights 1 guess AFEA working string EE_E
iteration 0  wrongs 0 guess AFA working string EE_E
iteration 1  wrongs 0 guess AFA working string EE_E
iteration 2  wrongs 0 guess AFA working string EE_E
iteration 0 rights 0 guess AFEA working string EEEE
iteration 1 rights 0 guess AFEA working string EEEE
iteration 2 rights 1 guess AFEA working string EE_E
iteration 3 rights 1 guess AFEA working string EE_E
iteration 0  wrongs 0 guess AFA working string EE_E
iteration 1  wrongs 0 guess AFA working string EE_E
iteration 2  wrongs 0 guess AFA working string EE_E
iteration 0 rights 0 guess AFEA working string EEBE
iteration 1 rights 0 guess AFEA working string EEBE
iteration 2 rights 0 guess AFEA working string EEBE
iteration 3 rights 0 guess AFEA working string EEBE
iteration 0  wrongs 0 guess AFEA working string EEBE
iteration 1  wrongs 0 guess AFEA working string EEBE
iteration 2  wrongs 1 guess AFEA working string _EBE
iteration 3  wrongs 1 guess AFEA working string _EBE
iteration 0 rights 0 guess AFEA working string EEBE
iteration 1 rights 0 guess AFEA working string EEBE
iteration 2 rights 0 guess AFEA working string EEBE
iteration 3 rights 0 guess AFEA working string EEBE
iteration 0  wrongs 0 guess AFEA working string EEBE
iteration 1  wrongs 0 guess AFEA working string EEBE
iteration 2  wrongs 1 guess AFEA working string _EBE
iteration 3  wrongs 1 guess AFEA working string _EBE
iteration 0 rights 1 guess EEEE working string _EAD
iteration 1 rights 2 guess EEEE working string __AD
iteration 2 rights 2 guess EEEE working string __AD
iteration 3 rights 2 guess EEEE working string __AD
iteration 0  wrongs 0 guess EE working string __AD
iteration 1  wrongs 0 guess EE working string __AD
iteration 0 rights 1 guess EEEE working string _EAD
iteration 1 rights 2 guess EEEE working string __AD
iteration 2 rights 2 guess EEEE working string __AD
iteration 3 rights 2 guess EEEE working string __AD
iteration 0  wrongs 0 guess EE working string __AD
iteration 1  wrongs 0 guess EE working string __AD
iteration 0 rights 0 guess EAFF working string BACD
iteration 1 rights 1 guess EAFF working string B_CD
iteration 2 rights 1 guess EAFF working string B_CD
iteration 3 rights 1 guess EAFF working string B_CD
iteration 0  wrongs 0 guess EFF working string B_CD
iteration 1  wrongs 0 guess EFF working string B_CD
iteration 2  wrongs 0 guess EFF working string B_CD
iteration 0 rights 0 guess EAFF working string BACD
iteration 1 rights 1 guess EAFF working string B_CD
iteration 2 rights 1 guess EAFF working string B_CD
iteration 3 rights 1 guess EAFF working string B_CD
iteration 0  wrongs 0 guess EFF working string B_CD
iteration 1  wrongs 0 guess EFF working string B_CD
iteration 2  wrongs 0 guess EFF working string B_CD
]]></system-out>
  <system-err><![CDATA[]]></system-err>
</testsuite>
